<?xml version="1.0" encoding="UTF-8"?>
<!-- Generated by org.testng.reporters.JUnitReportReporter -->
<testsuite skipped="0" hostname="Khaled" name="tests.SearchTEDAppTest" tests="1" failures="0" timestamp="20 يول 2019 20:40:01 GMT" time="8.571" errors="0">
  <testcase name="User_Can_Search_For_TED" time="8.571" classname="tests.SearchTEDAppTest"/>
</testsuite> <!-- tests.SearchTEDAppTest -->
