<?xml version="1.0" encoding="UTF-8"?>
<!-- Generated by org.testng.reporters.JUnitReportReporter -->
<testsuite skipped="0" hostname="Khaled" name="tests.SearchAppTest" tests="2" failures="0" timestamp="20 يول 2019 18:11:41 GMT" time="7.591" errors="0">
  <testcase name="User_Can_Search_For_TED" time="6.269" classname="tests.SearchAppTest"/>
  <testcase name="User_Can_Search_For_Facebook" time="1.322" classname="tests.SearchAppTest"/>
</testsuite> <!-- tests.SearchAppTest -->
