<?xml version="1.0" encoding="UTF-8"?>
<!-- Generated by org.testng.reporters.JUnitReportReporter -->
<testsuite skipped="0" hostname="Khaled" name="tests.SearchFacebookAppTest" tests="1" failures="0" timestamp="20 يول 2019 20:40:24 GMT" time="2.341" errors="0">
  <testcase name="User_Can_Search_For_Facebook" time="2.341" classname="tests.SearchFacebookAppTest"/>
</testsuite> <!-- tests.SearchFacebookAppTest -->
